\BOOKMARK [0][-]{Doc-Start}{HALAMAN JUDUL}{}% 1
\BOOKMARK [0][-]{Doc-Start}{ABSTRAK}{}% 2
\BOOKMARK [0][-]{Doc-Start}{ABSTRACT}{}% 3
\BOOKMARK [0][-]{Doc-Start}{DAFTAR ISI}{}% 4
\BOOKMARK [0][-]{Doc-Start}{DAFTAR GAMBAR}{}% 5
\BOOKMARK [0][-]{Doc-Start}{DAFTAR TABEL}{}% 6
\BOOKMARK [0][-]{chapter.1}{PENDAHULUAN}{}% 7
\BOOKMARK [1][-]{section.1.1}{Latar Belakang}{chapter.1}% 8
\BOOKMARK [1][-]{section.1.2}{Rumusan Masalah}{chapter.1}% 9
\BOOKMARK [1][-]{section.1.3}{Batasan Masalah}{chapter.1}% 10
\BOOKMARK [1][-]{section.1.4}{Tujuan Penelitian}{chapter.1}% 11
\BOOKMARK [1][-]{section.1.5}{Manfaat Penelitian}{chapter.1}% 12
\BOOKMARK [0][-]{chapter.2}{KAJIAN PUSTAKA DAN DASAR TEORI}{}% 13
\BOOKMARK [1][-]{section.2.1}{Penelitian Terdahulu}{chapter.2}% 14
\BOOKMARK [1][-]{section.2.2}{Aljabar Max-Plus}{chapter.2}% 15
\BOOKMARK [2][-]{subsection.2.2.1}{Definisi dan Notasi Aljabar Max-Plus}{section.2.2}% 16
\BOOKMARK [2][-]{subsection.2.2.2}{Vektor dan Matriks Aljabar Max-Plus}{section.2.2}% 17
\BOOKMARK [2][-]{subsection.2.2.3}{Matriks dan Graf Berarah Aljabar Max-Plus}{section.2.2}% 18
\BOOKMARK [1][-]{section.2.3}{Perjalanan Kuantum \(Quantum Walk\)}{chapter.2}% 19
\BOOKMARK [2][-]{subsection.2.3.1}{Perjalanan Acak Sederhana \(simple random walk\)}{section.2.3}% 20
\BOOKMARK [2][-]{subsection.2.3.2}{Perjalanan Kuantum Waktu Diskrit}{section.2.3}% 21
\BOOKMARK [2][-]{subsection.2.3.3}{Evolusi Waktu Total Perjalanan Kuantum Waktu Diskrit}{section.2.3}% 22
\BOOKMARK [1][-]{section.2.4}{Perjalanan Kuantum Takberaturan \(Disordered Quantum Walk\)}{chapter.2}% 23
\BOOKMARK [0][-]{chapter.3}{METODE PENELITIAN}{}% 24
\BOOKMARK [1][-]{section.3.1}{Tahapan Penelitian}{chapter.3}% 25
\BOOKMARK [1][-]{section.3.2}{Jadwal Pelaksanaan}{chapter.3}% 26
\BOOKMARK [0][-]{table.3.1}{Daftar Pustaka}{}% 27
