This is pdfTeX, Version 3.14159265-2.6-1.40.20 (MiKTeX 2.9.7000 64-bit) (preloaded format=pdflatex 2022.12.13)  21 FEB 2024 13:43
entering extended mode
**./Proposal-Tesis.tex
(Proposal-Tesis.tex
LaTeX2e <2018-12-01>
(ProposalTesis-ITSpdf.cls

LaTeX Warning: You have requested document class `ProposalTesis-ITSpdf',
               but the document class provides `TA-ITS'.

Document Class: TA-ITS 12/12/2010 v1.01
("C:\Program Files\MiKTeX 2.9\tex/latex/base\book.cls"
Document Class: book 2018/09/03 v1.4i Standard LaTeX document class
("C:\Program Files\MiKTeX 2.9\tex/latex/base\bk12.clo"
File: bk12.clo 2018/09/03 v1.4i Standard LaTeX file (size option)
)
\c@part=\count80
\c@chapter=\count81
\c@section=\count82
\c@subsection=\count83
\c@subsubsection=\count84
\c@paragraph=\count85
\c@subparagraph=\count86
\c@figure=\count87
\c@table=\count88
\abovecaptionskip=\skip41
\belowcaptionskip=\skip42
\bibindent=\dimen102
)
("C:\Program Files\MiKTeX 2.9\tex/latex/geometry\geometry.sty"
Package: geometry 2018/04/16 v5.8 Page Geometry

("C:\Program Files\MiKTeX 2.9\tex/latex/graphics\keyval.sty"
Package: keyval 2014/10/28 v1.15 key=value parser (DPC)
\KV@toks@=\toks14
)
("C:\Program Files\MiKTeX 2.9\tex/generic/oberdiek\ifpdf.sty"
Package: ifpdf 2018/09/07 v3.3 Provides the ifpdf switch
)
("C:\Program Files\MiKTeX 2.9\tex/generic/oberdiek\ifvtex.sty"
Package: ifvtex 2016/05/16 v1.6 Detect VTeX and its facilities (HO)
Package ifvtex Info: VTeX not detected.
)
("C:\Program Files\MiKTeX 2.9\tex/generic/ifxetex\ifxetex.sty"
Package: ifxetex 2010/09/12 v0.6 Provides ifxetex conditional
)
\Gm@cnth=\count89
\Gm@cntv=\count90
\c@Gm@tempcnt=\count91
\Gm@bindingoffset=\dimen103
\Gm@wd@mp=\dimen104
\Gm@odd@mp=\dimen105
\Gm@even@mp=\dimen106
\Gm@layoutwidth=\dimen107
\Gm@layoutheight=\dimen108
\Gm@layouthoffset=\dimen109
\Gm@layoutvoffset=\dimen110
\Gm@dimlist=\toks15

("C:\Program Files\MiKTeX 2.9\tex/latex/geometry\geometry.cfg"))
("C:\Program Files\MiKTeX 2.9\tex/latex/graphics\graphicx.sty"
Package: graphicx 2017/06/01 v1.1a Enhanced LaTeX Graphics (DPC,SPQR)

("C:\Program Files\MiKTeX 2.9\tex/latex/graphics\graphics.sty"
Package: graphics 2017/06/25 v1.2c Standard LaTeX Graphics (DPC,SPQR)

("C:\Program Files\MiKTeX 2.9\tex/latex/graphics\trig.sty"
Package: trig 2016/01/03 v1.10 sin cos tan (DPC)
)
("C:\Program Files\MiKTeX 2.9\tex/latex/graphics-cfg\graphics.cfg"
File: graphics.cfg 2016/06/04 v1.11 sample graphics configuration
)
Package graphics Info: Driver file: pdftex.def on input line 99.

("C:\Program Files\MiKTeX 2.9\tex/latex/graphics-def\pdftex.def"
File: pdftex.def 2018/01/08 v1.0l Graphics/color driver for pdftex
))
\Gin@req@height=\dimen111
\Gin@req@width=\dimen112
)
("C:\Program Files\MiKTeX 2.9\tex/latex/nomencl\nomencl.sty"
Package: nomencl 2019/02/08 v5.1 Nomenclature package

("C:\Program Files\MiKTeX 2.9\tex/latex/xkeyval\xkeyval.sty"
Package: xkeyval 2014/12/03 v2.7a package option processing (HA)

("C:\Program Files\MiKTeX 2.9\tex/generic/xkeyval\xkeyval.tex"
("C:\Program Files\MiKTeX 2.9\tex/generic/xkeyval\xkvutils.tex"
\XKV@toks=\toks16
\XKV@tempa@toks=\toks17
)
\XKV@depth=\count92
File: xkeyval.tex 2014/12/03 v2.7a key=value parser (HA)
))
("C:\Program Files\MiKTeX 2.9\tex/latex/base\ifthen.sty"
Package: ifthen 2014/09/29 v1.1c Standard LaTeX ifthen package (DPC)
)
("C:\Program Files\MiKTeX 2.9\tex/latex/koma-script\tocbasic.sty"
Package: tocbasic 2019/02/01 v3.26b KOMA-Script package (handling toc-files)

("C:\Program Files\MiKTeX 2.9\tex/latex/koma-script\scrbase.sty"
Package: scrbase 2019/02/01 v3.26b KOMA-Script package (KOMA-Script-independent
 basics and keyval usage)

("C:\Program Files\MiKTeX 2.9\tex/latex/koma-script\scrlfile.sty"
Package: scrlfile 2019/02/01 v3.26b KOMA-Script package (loading files)
))
\scr@dte@tocline@numberwidth=\skip43
\scr@dte@tocline@numbox=\box27
)
Package tocbasic Info: setting babel extension for `nlo' on input line 24.
Package tocbasic Info: setting babel extension for `nls' on input line 25.
\nomlabelwidth=\dimen113
\nom@tempdim=\dimen114
\nomitemsep=\skip44
)
\@nomenclaturefile=\write3
\openout3 = `Proposal-Tesis.nlo'.

Package nomencl Info: Writing nomenclature file Proposal-Tesis.nlo on input lin
e 18.

("C:\Program Files\MiKTeX 2.9\tex/latex/tools\longtable.sty"
Package: longtable 2014/10/28 v4.11 Multi-page Table package (DPC)+ FMi change
\LTleft=\skip45
\LTright=\skip46
\LTpre=\skip47
\LTpost=\skip48
\LTchunksize=\count93
\LTcapwidth=\dimen115
\LT@head=\box28
\LT@firsthead=\box29
\LT@foot=\box30
\LT@lastfoot=\box31
\LT@cols=\count94
\LT@rows=\count95
\c@LT@tables=\count96
\c@LT@chunks=\count97
\LT@p@ftn=\toks18
)
("C:\Program Files\MiKTeX 2.9\tex/latex/amsfonts\amssymb.sty"
Package: amssymb 2013/01/14 v3.01 AMS font symbols

("C:\Program Files\MiKTeX 2.9\tex/latex/amsfonts\amsfonts.sty"
Package: amsfonts 2013/01/14 v3.01 Basic AMSFonts support
\@emptytoks=\toks19
\symAMSa=\mathgroup4
\symAMSb=\mathgroup5
LaTeX Font Info:    Overwriting math alphabet `\mathfrak' in version `bold'
(Font)                  U/euf/m/n --> U/euf/b/n on input line 106.
))
("C:\Program Files\MiKTeX 2.9\tex/latex/amsmath\amsmath.sty"
Package: amsmath 2018/12/01 v2.17b AMS math features
\@mathmargin=\skip49

For additional information on amsmath, use the `?' option.
("C:\Program Files\MiKTeX 2.9\tex/latex/amsmath\amstext.sty"
Package: amstext 2000/06/29 v2.01 AMS text

("C:\Program Files\MiKTeX 2.9\tex/latex/amsmath\amsgen.sty"
File: amsgen.sty 1999/11/30 v2.0 generic functions
\@emptytoks=\toks20
\ex@=\dimen116
))
("C:\Program Files\MiKTeX 2.9\tex/latex/amsmath\amsbsy.sty"
Package: amsbsy 1999/11/29 v1.2d Bold Symbols
\pmbraise@=\dimen117
)
("C:\Program Files\MiKTeX 2.9\tex/latex/amsmath\amsopn.sty"
Package: amsopn 2016/03/08 v2.02 operator names
)
\inf@bad=\count98
LaTeX Info: Redefining \frac on input line 223.
\uproot@=\count99
\leftroot@=\count100
LaTeX Info: Redefining \overline on input line 385.
\classnum@=\count101
\DOTSCASE@=\count102
LaTeX Info: Redefining \ldots on input line 482.
LaTeX Info: Redefining \dots on input line 485.
LaTeX Info: Redefining \cdots on input line 606.
\Mathstrutbox@=\box32
\strutbox@=\box33
\big@size=\dimen118
LaTeX Font Info:    Redeclaring font encoding OML on input line 729.
LaTeX Font Info:    Redeclaring font encoding OMS on input line 730.
\macc@depth=\count103
\c@MaxMatrixCols=\count104
\dotsspace@=\muskip10
\c@parentequation=\count105
\dspbrk@lvl=\count106
\tag@help=\toks21
\row@=\count107
\column@=\count108
\maxfields@=\count109
\andhelp@=\toks22
\eqnshift@=\dimen119
\alignsep@=\dimen120
\tagshift@=\dimen121
\tagwidth@=\dimen122
\totwidth@=\dimen123
\lineht@=\dimen124
\@envbody=\toks23
\multlinegap=\skip50
\multlinetaggap=\skip51
\mathdisplay@stack=\toks24
LaTeX Info: Redefining \[ on input line 2844.
LaTeX Info: Redefining \] on input line 2845.
)
("C:\Program Files\MiKTeX 2.9\tex/latex/amscls\amsthm.sty"
Package: amsthm 2017/10/31 v2.20.4
\thm@style=\toks25
\thm@bodyfont=\toks26
\thm@headfont=\toks27
\thm@notefont=\toks28
\thm@headpunct=\toks29
\thm@preskip=\skip52
\thm@postskip=\skip53
\thm@headsep=\skip54
\dth@everypar=\toks30
)
("C:\Program Files\MiKTeX 2.9\tex/latex/tools\indentfirst.sty"
Package: indentfirst 1995/11/23 v1.03 Indent first paragraph (DPC)
)
("C:\Program Files\MiKTeX 2.9\tex/latex/tools\tabularx.sty"
Package: tabularx 2016/02/03 v2.11b `tabularx' package (DPC)

("C:\Program Files\MiKTeX 2.9\tex/latex/tools\array.sty"
Package: array 2018/12/30 v2.4k Tabular extension package (FMi)
\col@sep=\dimen125
\ar@mcellbox=\box34
\extrarowheight=\dimen126
\NC@list=\toks31
\extratabsurround=\skip55
\backup@length=\skip56
\ar@cellbox=\box35
)
\TX@col@width=\dimen127
\TX@old@table=\dimen128
\TX@old@col=\dimen129
\TX@target=\dimen130
\TX@delta=\dimen131
\TX@cols=\count110
\TX@ftn=\toks32
)
("C:\Program Files\MiKTeX 2.9\tex/latex/hyperref\hyperref.sty"
Package: hyperref 2018/11/30 v6.88e Hypertext links for LaTeX

("C:\Program Files\MiKTeX 2.9\tex/generic/oberdiek\hobsub-hyperref.sty"
Package: hobsub-hyperref 2016/05/16 v1.14 Bundle oberdiek, subset hyperref (HO)


("C:\Program Files\MiKTeX 2.9\tex/generic/oberdiek\hobsub-generic.sty"
Package: hobsub-generic 2016/05/16 v1.14 Bundle oberdiek, subset generic (HO)
Package: hobsub 2016/05/16 v1.14 Construct package bundles (HO)
Package: infwarerr 2016/05/16 v1.4 Providing info/warning/error messages (HO)
Package: ltxcmds 2016/05/16 v1.23 LaTeX kernel commands for general use (HO)
Package: ifluatex 2016/05/16 v1.4 Provides the ifluatex switch (HO)
Package ifluatex Info: LuaTeX not detected.
Package hobsub Info: Skipping package `ifvtex' (already loaded).
Package: intcalc 2016/05/16 v1.2 Expandable calculations with integers (HO)
Package hobsub Info: Skipping package `ifpdf' (already loaded).
Package: etexcmds 2016/05/16 v1.6 Avoid name clashes with e-TeX commands (HO)
Package: kvsetkeys 2016/05/16 v1.17 Key value parser (HO)
Package: kvdefinekeys 2016/05/16 v1.4 Define keys (HO)
Package: pdftexcmds 2018/09/10 v0.29 Utility functions of pdfTeX for LuaTeX (HO
)
Package pdftexcmds Info: LuaTeX not detected.
Package pdftexcmds Info: \pdf@primitive is available.
Package pdftexcmds Info: \pdf@ifprimitive is available.
Package pdftexcmds Info: \pdfdraftmode found.
Package: pdfescape 2016/05/16 v1.14 Implements pdfTeX's escape features (HO)
Package: bigintcalc 2016/05/16 v1.4 Expandable calculations on big integers (HO
)
Package: bitset 2016/05/16 v1.2 Handle bit-vector datatype (HO)
Package: uniquecounter 2016/05/16 v1.3 Provide unlimited unique counter (HO)
)
Package hobsub Info: Skipping package `hobsub' (already loaded).
Package: letltxmacro 2016/05/16 v1.5 Let assignment for LaTeX macros (HO)
Package: hopatch 2016/05/16 v1.3 Wrapper for package hooks (HO)
Package: xcolor-patch 2016/05/16 xcolor patch
Package: atveryend 2016/05/16 v1.9 Hooks at the very end of document (HO)
Package atveryend Info: \enddocument detected (standard20110627).
Package: atbegshi 2016/06/09 v1.18 At begin shipout hook (HO)
Package: refcount 2016/05/16 v3.5 Data extraction from label references (HO)
Package: hycolor 2016/05/16 v1.8 Color options for hyperref/bookmark (HO)
)
("C:\Program Files\MiKTeX 2.9\tex/latex/oberdiek\auxhook.sty"
Package: auxhook 2016/05/16 v1.4 Hooks for auxiliary files (HO)
)
("C:\Program Files\MiKTeX 2.9\tex/latex/oberdiek\kvoptions.sty"
Package: kvoptions 2016/05/16 v3.12 Key value format for package options (HO)
)
\@linkdim=\dimen132
\Hy@linkcounter=\count111
\Hy@pagecounter=\count112

("C:\Program Files\MiKTeX 2.9\tex/latex/hyperref\pd1enc.def"
File: pd1enc.def 2018/11/30 v6.88e Hyperref: PDFDocEncoding definition (HO)
Now handling font encoding PD1 ...
... no UTF-8 mapping file for font encoding PD1
)
\Hy@SavedSpaceFactor=\count113

("C:\Program Files\MiKTeX 2.9\tex/latex/00miktex\hyperref.cfg"
File: hyperref.cfg 2002/06/06 v1.2 hyperref configuration of TeXLive
)
Package hyperref Info: Hyper figures OFF on input line 4519.
Package hyperref Info: Link nesting OFF on input line 4524.
Package hyperref Info: Hyper index ON on input line 4527.
Package hyperref Info: Plain pages OFF on input line 4534.
Package hyperref Info: Backreferencing OFF on input line 4539.
Package hyperref Info: Implicit mode ON; LaTeX internals redefined.
Package hyperref Info: Bookmarks ON on input line 4772.
\c@Hy@tempcnt=\count114

("C:\Program Files\MiKTeX 2.9\tex/latex/url\url.sty"
\Urlmuskip=\muskip11
Package: url 2013/09/16  ver 3.4  Verb mode for urls, etc.
)
LaTeX Info: Redefining \url on input line 5125.
\XeTeXLinkMargin=\dimen133
\Fld@menulength=\count115
\Field@Width=\dimen134
\Fld@charsize=\dimen135
Package hyperref Info: Hyper figures OFF on input line 6380.
Package hyperref Info: Link nesting OFF on input line 6385.
Package hyperref Info: Hyper index ON on input line 6388.
Package hyperref Info: backreferencing OFF on input line 6395.
Package hyperref Info: Link coloring OFF on input line 6400.
Package hyperref Info: Link coloring with OCG OFF on input line 6405.
Package hyperref Info: PDF/A mode OFF on input line 6410.
LaTeX Info: Redefining \ref on input line 6450.
LaTeX Info: Redefining \pageref on input line 6454.
\Hy@abspage=\count116
\c@Item=\count117
\c@Hfootnote=\count118
)
Package hyperref Info: Driver (autodetected): hpdftex.

("C:\Program Files\MiKTeX 2.9\tex/latex/hyperref\hpdftex.def"
File: hpdftex.def 2018/11/30 v6.88e Hyperref driver for pdfTeX
\Fld@listcount=\count119
\c@bookmark@seq@number=\count120

("C:\Program Files\MiKTeX 2.9\tex/latex/oberdiek\rerunfilecheck.sty"
Package: rerunfilecheck 2016/05/16 v1.8 Rerun checks for auxiliary files (HO)
Package uniquecounter Info: New unique counter `rerunfilecheck' on input line 2
82.
)
\Hy@SectionHShift=\skip57
)
\c@rmk=\count121


Package amsthm Warning: Unknown theoremstyle `proof' on input line 31.

\c@prf=\count122
\c@thm=\count123
\c@pro=\count124
\c@dfn=\count125
\c@exam=\count126
\c@lemma=\count127
(itsbib.sty
Package: itsbib 
) ("C:\Program Files\MiKTeX 2.9\tex/latex/wrapfig\wrapfig.sty"
\wrapoverhang=\dimen136
\WF@size=\dimen137
\c@WF@wrappedlines=\count128
\WF@box=\box36
\WF@everypar=\toks33
Package: wrapfig 2003/01/31  v 3.6
))
("C:\Program Files\MiKTeX 2.9\tex/latex/tools\enumerate.sty"
Package: enumerate 2015/07/23 v3.00 enumerate extensions (DPC)
\@enLab=\toks34
)
("C:\Program Files\MiKTeX 2.9\tex/latex/xcolor\xcolor.sty"
Package: xcolor 2016/05/11 v2.12 LaTeX color extensions (UK)

("C:\Program Files\MiKTeX 2.9\tex/latex/graphics-cfg\color.cfg"
File: color.cfg 2016/01/02 v1.6 sample color configuration
)
Package xcolor Info: Driver file: pdftex.def on input line 225.

("C:\Program Files\MiKTeX 2.9\tex/latex/colortbl\colortbl.sty"
Package: colortbl 2018/12/12 v1.0d Color table columns (DPC)
\everycr=\toks35
\minrowclearance=\skip58
)
\rownum=\count129
Package xcolor Info: Model `cmy' substituted by `cmy0' on input line 1348.
Package xcolor Info: Model `hsb' substituted by `rgb' on input line 1352.
Package xcolor Info: Model `RGB' extended on input line 1364.
Package xcolor Info: Model `HTML' substituted by `rgb' on input line 1366.
Package xcolor Info: Model `Hsb' substituted by `hsb' on input line 1367.
Package xcolor Info: Model `tHsb' substituted by `hsb' on input line 1368.
Package xcolor Info: Model `HSB' substituted by `hsb' on input line 1369.
Package xcolor Info: Model `Gray' substituted by `gray' on input line 1370.
Package xcolor Info: Model `wave' substituted by `hsb' on input line 1371.
)

Package array Warning: Column L is already defined on input line 5.


Package array Warning: Column C is already defined on input line 6.


Package array Warning: Column R is already defined on input line 7.

("C:\Program Files\MiKTeX 2.9\tex/latex/setspace\setspace.sty"
Package: setspace 2011/12/19 v6.7a set line spacing
)
("C:\Program Files\MiKTeX 2.9\tex/latex/pdfpages\pdfpages.sty"
Package: pdfpages 2017/10/31 v0.5l Insert pages of external PDF documents (AM)

("C:\Program Files\MiKTeX 2.9\tex/latex/tools\calc.sty"
Package: calc 2017/05/25 v4.3 Infix arithmetic (KKT,FJ)
\calc@Acount=\count130
\calc@Bcount=\count131
\calc@Adimen=\dimen138
\calc@Bdimen=\dimen139
\calc@Askip=\skip59
\calc@Bskip=\skip60
LaTeX Info: Redefining \setlength on input line 80.
LaTeX Info: Redefining \addtolength on input line 81.
\calc@Ccount=\count132
\calc@Cskip=\skip61
)
("C:\Program Files\MiKTeX 2.9\tex/latex/eso-pic\eso-pic.sty"
Package: eso-pic 2018/04/12 v2.0h eso-pic (RN)
)
\AM@pagewidth=\dimen140
\AM@pageheight=\dimen141

("C:\Program Files\MiKTeX 2.9\tex/latex/pdfpages\pppdftex.def"
File: pppdftex.def 2017/10/31 v0.5l Pdfpages driver for pdfTeX (AM)
)
\AM@pagebox=\box37
\AM@global@opts=\toks36
\AM@toc@title=\toks37
\c@AM@survey=\count133
\AM@templatesizebox=\box38
)
("C:\Program Files\MiKTeX 2.9\tex/latex/tools\bm.sty"
Package: bm 2017/01/16 v1.2c Bold Symbol Support (DPC/FMi)
\symboldoperators=\mathgroup6
\symboldletters=\mathgroup7
\symboldsymbols=\mathgroup8
LaTeX Font Info:    Redeclaring math alphabet \mathbf on input line 141.
LaTeX Info: Redefining \bm on input line 207.
)
("C:\Program Files\MiKTeX 2.9\tex/latex/psnfss\mathptmx.sty"
Package: mathptmx 2005/04/12 PSNFSS-v9.2a Times w/ Math, improved (SPQR, WaS) 
LaTeX Font Info:    Redeclaring symbol font `operators' on input line 28.
LaTeX Font Info:    Overwriting symbol font `operators' in version `normal'
(Font)                  OT1/cmr/m/n --> OT1/ztmcm/m/n on input line 28.
LaTeX Font Info:    Overwriting symbol font `operators' in version `bold'
(Font)                  OT1/cmr/bx/n --> OT1/ztmcm/m/n on input line 28.
LaTeX Font Info:    Redeclaring symbol font `letters' on input line 29.
LaTeX Font Info:    Overwriting symbol font `letters' in version `normal'
(Font)                  OML/cmm/m/it --> OML/ztmcm/m/it on input line 29.
LaTeX Font Info:    Overwriting symbol font `letters' in version `bold'
(Font)                  OML/cmm/b/it --> OML/ztmcm/m/it on input line 29.
LaTeX Font Info:    Redeclaring symbol font `symbols' on input line 30.
LaTeX Font Info:    Overwriting symbol font `symbols' in version `normal'
(Font)                  OMS/cmsy/m/n --> OMS/ztmcm/m/n on input line 30.
LaTeX Font Info:    Overwriting symbol font `symbols' in version `bold'
(Font)                  OMS/cmsy/b/n --> OMS/ztmcm/m/n on input line 30.
LaTeX Font Info:    Redeclaring symbol font `largesymbols' on input line 31.
LaTeX Font Info:    Overwriting symbol font `largesymbols' in version `normal'
(Font)                  OMX/cmex/m/n --> OMX/ztmcm/m/n on input line 31.
LaTeX Font Info:    Overwriting symbol font `largesymbols' in version `bold'
(Font)                  OMX/cmex/m/n --> OMX/ztmcm/m/n on input line 31.
\symbold=\mathgroup9
\symitalic=\mathgroup10
LaTeX Font Info:    Redeclaring math alphabet \mathbf on input line 34.
LaTeX Font Info:    Redeclaring math alphabet \mathit on input line 35.
LaTeX Font Info:    Overwriting math alphabet `\mathit' in version `normal'
(Font)                  OT1/cmr/m/it --> OT1/ptm/m/it on input line 35.
LaTeX Font Info:    Overwriting math alphabet `\mathit' in version `bold'
(Font)                  OT1/cmr/bx/it --> OT1/ptm/m/it on input line 35.
LaTeX Info: Redefining \hbar on input line 50.
)
("C:\Program Files\MiKTeX 2.9\tex/latex/psnfss\palatino.sty"
Package: palatino 2005/04/12 PSNFSS-v9.2a (SPQR) 
)
("C:\Program Files\MiKTeX 2.9\tex/latex/amsfonts\euscript.sty"
Package: euscript 2009/06/22 v3.00 Euler Script fonts
LaTeX Font Info:    Overwriting math alphabet `\EuScript' in version `bold'
(Font)                  U/eus/m/n --> U/eus/b/n on input line 33.
)
\c@defn=\count134

(Proposal-Tesis.aux (Abstrak_Ind/AbstrakInd.aux)
(Abstract_Eng/AbstrakEnglish.aux))
\openout1 = `Proposal-Tesis.aux'.

LaTeX Font Info:    Checking defaults for OML/cmm/m/it on input line 23.
LaTeX Font Info:    ... okay on input line 23.
LaTeX Font Info:    Checking defaults for T1/cmr/m/n on input line 23.
LaTeX Font Info:    ... okay on input line 23.
LaTeX Font Info:    Checking defaults for OT1/cmr/m/n on input line 23.
LaTeX Font Info:    ... okay on input line 23.
LaTeX Font Info:    Checking defaults for OMS/cmsy/m/n on input line 23.
LaTeX Font Info:    ... okay on input line 23.
LaTeX Font Info:    Checking defaults for OMX/cmex/m/n on input line 23.
LaTeX Font Info:    ... okay on input line 23.
LaTeX Font Info:    Checking defaults for U/cmr/m/n on input line 23.
LaTeX Font Info:    ... okay on input line 23.
LaTeX Font Info:    Checking defaults for PD1/pdf/m/n on input line 23.
LaTeX Font Info:    ... okay on input line 23.
LaTeX Font Info:    Try loading font information for OT1+ppl on input line 23.

("C:\Program Files\MiKTeX 2.9\tex/latex/psnfss\ot1ppl.fd"
File: ot1ppl.fd 2001/06/04 font definitions for OT1/ppl.
)
*geometry* driver: auto-detecting
*geometry* detected driver: pdftex
*geometry* verbose mode - [ preamble ] result:
* driver: pdftex
* paper: <default>
* layout: <same size as paper>
* layoutoffset:(h,v)=(0.0pt,0.0pt)
* modes: twoside 
* h-part:(L,W,R)=(113.81102pt, 398.3386pt, 85.35826pt)
* v-part:(T,H,B)=(99.58464pt, 660.10394pt, 85.35826pt)
* \paperwidth=597.50787pt
* \paperheight=845.04684pt
* \textwidth=398.3386pt
* \textheight=660.10394pt
* \oddsidemargin=41.54103pt
* \evensidemargin=13.08827pt
* \topmargin=-4.55914pt
* \headheight=12.0pt
* \headsep=19.8738pt
* \topskip=12.0pt
* \footskip=30.0pt
* \marginparwidth=88.0pt
* \marginparsep=7.0pt
* \columnsep=10.0pt
* \skip\footins=10.8pt plus 4.0pt minus 2.0pt
* \hoffset=0.0pt
* \voffset=0.0pt
* \mag=1000
* \@twocolumnfalse
* \@twosidetrue
* \@mparswitchtrue
* \@reversemarginfalse
* (1in=72.27pt=25.4mm, 1cm=28.453pt)

("C:\Program Files\MiKTeX 2.9\tex/context/base/mkii\supp-pdf.mkii"
[Loading MPS to PDF converter (version 2006.09.02).]
\scratchcounter=\count135
\scratchdimen=\dimen142
\scratchbox=\box39
\nofMPsegments=\count136
\nofMParguments=\count137
\everyMPshowfont=\toks38
\MPscratchCnt=\count138
\MPscratchDim=\dimen143
\MPnumerator=\count139
\makeMPintoPDFobject=\count140
\everyMPtoPDFconversion=\toks39
) ("C:\Program Files\MiKTeX 2.9\tex/latex/oberdiek\epstopdf-base.sty"
Package: epstopdf-base 2016/05/15 v2.6 Base part for package epstopdf

("C:\Program Files\MiKTeX 2.9\tex/latex/oberdiek\grfext.sty"
Package: grfext 2016/05/16 v1.2 Manage graphics extensions (HO)
)
Package epstopdf-base Info: Redefining graphics rule for `.eps' on input line 4
38.
Package grfext Info: Graphics extension search list:
(grfext)             [.pdf,.png,.jpg,.mps,.jpeg,.jbig2,.jb2,.PDF,.PNG,.JPG,.JPE
G,.JBIG2,.JB2,.eps]
(grfext)             \AppendGraphicsExtensions on input line 456.
)
\AtBeginShipoutBox=\box40
Package hyperref Info: Link coloring OFF on input line 23.

("C:\Program Files\MiKTeX 2.9\tex/latex/hyperref\nameref.sty"
Package: nameref 2016/05/21 v2.44 Cross-referencing by name of section

("C:\Program Files\MiKTeX 2.9\tex/generic/oberdiek\gettitlestring.sty"
Package: gettitlestring 2016/05/16 v1.5 Cleanup title references (HO)
)
\c@section@level=\count141
)
LaTeX Info: Redefining \ref on input line 23.
LaTeX Info: Redefining \pageref on input line 23.
LaTeX Info: Redefining \nameref on input line 23.

(Proposal-Tesis.out) (Proposal-Tesis.out)
\@outlinefile=\write4
\openout4 = `Proposal-Tesis.out'.


("C:\Program Files\MiKTeX 2.9\tex/latex/oberdiek\pdflscape.sty"
Package: pdflscape 2016/05/14 v0.11 Display of landscape pages in PDF (HO)

("C:\Program Files\MiKTeX 2.9\tex/latex/graphics\lscape.sty"
Package: lscape 2000/10/22 v3.01 Landscape Pages (DPC)
)
Package pdflscape Info: Auto-detected driver: pdftex on input line 81.
)
<lambang-its.jpg, id=106, 150.5625pt x 150.5625pt>
File: lambang-its.jpg Graphic file (type jpg)
<use lambang-its.jpg>
Package pdftex.def Info: lambang-its.jpg  used on input line 67.
(pdftex.def)             Requested size: 99.58464pt x 99.5875pt.
LaTeX Font Info:    Try loading font information for OT1+phv on input line 67.

("C:\Program Files\MiKTeX 2.9\tex/latex/psnfss\ot1phv.fd"
File: ot1phv.fd 2001/06/04 scalable font definitions for OT1/phv.
)
LaTeX Font Info:    Font shape `OT1/phv/bx/n' in size <18> not available
(Font)              Font shape `OT1/phv/b/n' tried instead on input line 67.
 [1



{C:/Users/5600570D4FA1/AppData/Local/MiKTeX/2.9/pdftex/config/pdftex.map} <./la
mbang-its.jpg>]
[2

]
File: lambang-its.jpg Graphic file (type jpg)
<use lambang-its.jpg>
Package pdftex.def Info: lambang-its.jpg  used on input line 68.
(pdftex.def)             Requested size: 99.58464pt x 99.5875pt.
 [3] [4

]
LaTeX Font Info:    Font shape `OT1/ppl/bx/n' in size <12> not available
(Font)              Font shape `OT1/ppl/b/n' tried instead on input line 70.
LaTeX Font Info:    Try loading font information for OT1+ztmcm on input line 70
.
 ("C:\Program Files\MiKTeX 2.9\tex/latex/psnfss\ot1ztmcm.fd"
File: ot1ztmcm.fd 2000/01/03 Fontinst v1.801 font definitions for OT1/ztmcm.
)
LaTeX Font Info:    Try loading font information for OML+ztmcm on input line 70
.

("C:\Program Files\MiKTeX 2.9\tex/latex/psnfss\omlztmcm.fd"
File: omlztmcm.fd 2000/01/03 Fontinst v1.801 font definitions for OML/ztmcm.
)
LaTeX Font Info:    Try loading font information for OMS+ztmcm on input line 70
.

("C:\Program Files\MiKTeX 2.9\tex/latex/psnfss\omsztmcm.fd"
File: omsztmcm.fd 2000/01/03 Fontinst v1.801 font definitions for OMS/ztmcm.
)
LaTeX Font Info:    Try loading font information for OMX+ztmcm on input line 70
.

("C:\Program Files\MiKTeX 2.9\tex/latex/psnfss\omxztmcm.fd"
File: omxztmcm.fd 2000/01/03 Fontinst v1.801 font definitions for OMX/ztmcm.
)
LaTeX Font Info:    Try loading font information for OT1+ptm on input line 70.

("C:\Program Files\MiKTeX 2.9\tex/latex/psnfss\ot1ptm.fd"
File: ot1ptm.fd 2001/06/04 font definitions for OT1/ptm.
)
LaTeX Font Info:    Font shape `OT1/ptm/bx/n' in size <12> not available
(Font)              Font shape `OT1/ptm/b/n' tried instead on input line 70.
LaTeX Font Info:    Font shape `OT1/ptm/bx/n' in size <9> not available
(Font)              Font shape `OT1/ptm/b/n' tried instead on input line 70.
LaTeX Font Info:    Font shape `OT1/ptm/bx/n' in size <7> not available
(Font)              Font shape `OT1/ptm/b/n' tried instead on input line 70.
 [5]
\openout2 = `Abstrak_Ind/AbstrakInd.aux'.


(Abstrak_Ind/AbstrakInd.tex [6


]
LaTeX Font Info:    Font shape `OT1/ppl/bx/it' in size <12> not available
(Font)              Font shape `OT1/ppl/b/it' tried instead on input line 3.


LaTeX Warning: Citation 'konno2008quantum' on page vii undefined on input line 
3.

) [7]
\openout2 = `Abstract_Eng/AbstrakEnglish.aux'.

 (Abstract_Eng/AbstrakEnglish.tex [8



]) [9] [10


]
LaTeX Font Info:    Font shape `OT1/ppl/bx/n' in size <14.4> not available
(Font)              Font shape `OT1/ppl/b/n' tried instead on input line 76.
 (Proposal-Tesis.toc
[11

])
\tf@toc=\write5
\openout5 = `Proposal-Tesis.toc'.

 [12] (Proposal-Tesis.lof)
\tf@lof=\write6
\openout6 = `Proposal-Tesis.lof'.

 [13


] [14

] (Proposal-Tesis.lot)
\tf@lot=\write7
\openout7 = `Proposal-Tesis.lot'.

 [15

] [16

]
(Bab_1/Bab1.tex
BAB 1.

LaTeX Warning: Citation 'portugal' on page 1 undefined on input line 4.


LaTeX Warning: Citation 'konno2008quantum' on page 1 undefined on input line 4.



LaTeX Warning: Citation 'grossing1988quantum' on page 1 undefined on input line
 6.


LaTeX Warning: Citation 'ambainis2003quantum' on page 1 undefined on input line
 6.


LaTeX Warning: Citation 'meyer1996quantum' on page 1 undefined on input line 6.



LaTeX Warning: Citation 'ambainis2003quantum' on page 1 undefined on input line
 6.


LaTeX Warning: Citation 'farhi1998quantum' on page 1 undefined on input line 6.



LaTeX Warning: Citation 'feynman1982computer' on page 1 undefined on input line
 6.


LaTeX Warning: Citation 'ambainis2003quantum' on page 1 undefined on input line
 7.


LaTeX Warning: Citation 'schoning1999probabilistic' on page 1 undefined on inpu
t line 7.

[1


]

LaTeX Warning: Citation 'watanabe' on page 2 undefined on input line 38.


LaTeX Warning: Citation 'konno2008quantum' on page 2 undefined on input line 39
.


Underfull \vbox (badness 10000) has occurred while \output is active []

 [2]

LaTeX Warning: Citation 'konno2008quantum' on page 3 undefined on input line 55
.


LaTeX Warning: Citation 'watanabe' on page 3 undefined on input line 58.


LaTeX Warning: Citation 'konno2008quantum' on page 3 undefined on input line 58
.


LaTeX Warning: Citation 'konno2008quantum' on page 3 undefined on input line 58
.


LaTeX Warning: Citation 'watanabe' on page 3 undefined on input line 58.


Underfull \vbox (badness 10000) has occurred while \output is active []

 [3]

LaTeX Warning: Citation 'konno2008quantum' on page 4 undefined on input line 60
.


LaTeX Warning: Citation 'mackay2002quantum' on page 4 undefined on input line 6
2.


LaTeX Warning: Citation 'ribeiro2004aperiodic' on page 4 undefined on input lin
e 62.


LaTeX Warning: Citation 'nosrati2020quantum' on page 4 undefined on input line 
62.


LaTeX Warning: Citation 'vieira2013dynamically' on page 4 undefined on input li
ne 63.


LaTeX Warning: Citation 'watanabe' on page 4 undefined on input line 65.


LaTeX Warning: Citation 'konno2008quantum' on page 4 undefined on input line 65
.


Underfull \vbox (badness 10000) has occurred while \output is active []

 [4]

LaTeX Warning: Citation 'konno2008quantum' on page 5 undefined on input line 80
.

[5]) (Bab_2/Bab2.tex [6]
BAB 2.

LaTeX Warning: Citation 'grossing1988quantum' on page 7 undefined on input line
 6.


LaTeX Warning: Citation 'meyer1996quantum' on page 7 undefined on input line 7.



LaTeX Warning: Citation 'nayak2000quantum' on page 7 undefined on input line 7.



LaTeX Warning: Citation 'ambainis2001one' on page 7 undefined on input line 7.


LaTeX Warning: Citation 'ambainis2003quantum' on page 7 undefined on input line
 7.


LaTeX Warning: Citation 'watanabe' on page 7 undefined on input line 9.


LaTeX Warning: Citation 'konno2008quantum' on page 7 undefined on input line 12
.

[7

]

LaTeX Warning: Citation 'watanabe' on page 8 undefined on input line 14.


LaTeX Warning: Citation 'konno2008quantum' on page 8 undefined on input line 14
.

[8]

LaTeX Warning: Citation 'maclagan2015introduction' on page 9 undefined on input
 line 20.

[9]

LaTeX Warning: Citation 'Subiono' on page 10 undefined on input line 54.


LaTeX Warning: Citation 'Subiono' on page 10 undefined on input line 95.


Underfull \vbox (badness 3312) has occurred while \output is active []

 [10]
Underfull \vbox (badness 10000) has occurred while \output is active []

 [11]

LaTeX Warning: Citation 'Subiono' on page 12 undefined on input line 173.


LaTeX Warning: Citation 'Subiono' on page 12 undefined on input line 184.


LaTeX Warning: Citation 'watanabe' on page 12 undefined on input line 199.

[12]

LaTeX Warning: Citation 'Subiono' on page 13 undefined on input line 207.


Underfull \vbox (badness 10000) has occurred while \output is active []

 [13]

LaTeX Warning: Citation 'Subiono' on page 14 undefined on input line 222.


LaTeX Warning: Citation 'baccelli1992synchronization' on page 14 undefined on i
nput line 237.


LaTeX Warning: Citation 'baccelli1992synchronization' on page 14 undefined on i
nput line 239.


LaTeX Warning: Citation 'wang2013physical' on page 14 undefined on input line 2
47.

<f1.PNG, id=326, 327.47343pt x 284.56313pt>
File: f1.PNG Graphic file (type png)
<use f1.PNG>
Package pdftex.def Info: f1.PNG  used on input line 250.
(pdftex.def)             Requested size: 229.22984pt x 199.19283pt.
[14]
<f2.PNG, id=337, 463.7325pt x 254.45062pt>
File: f2.PNG Graphic file (type png)
<use f2.PNG>
Package pdftex.def Info: f2.PNG  used on input line 262.
(pdftex.def)             Requested size: 324.61052pt x 178.11421pt.


LaTeX Warning: `h' float specifier changed to `ht'.

[15 <./f1.PNG>]

LaTeX Warning: Citation 'wang2013physical' on page 16 undefined on input line 2
99.


Underfull \vbox (badness 5741) has occurred while \output is active []

 [16 <./f2.PNG>]
<f3.PNG, id=354, 447.17062pt x 253.69781pt>
File: f3.PNG Graphic file (type png)
<use f3.PNG>
Package pdftex.def Info: f3.PNG  used on input line 303.
(pdftex.def)             Requested size: 313.01729pt x 177.58725pt.


LaTeX Warning: Citation 'portugal' on page 17 undefined on input line 311.

[17 <./f3.PNG>]
<f4.PNG, id=363, 436.63126pt x 240.14719pt>
File: f4.PNG Graphic file (type png)
<use f4.PNG>
Package pdftex.def Info: f4.PNG  used on input line 329.
(pdftex.def)             Requested size: 218.3151pt x 120.07329pt.
<f5.PNG, id=364, 386.94562pt x 147.55125pt>
File: f5.PNG Graphic file (type png)
<use f5.PNG>
Package pdftex.def Info: f5.PNG  used on input line 338.
(pdftex.def)             Requested size: 270.86008pt x 103.28516pt.


LaTeX Warning: `!h' float specifier changed to `!ht'.

[18 <./f4.PNG>]

LaTeX Warning: Citation 'nielsen2000quantum' on page 19 undefined on input line
 365.


LaTeX Warning: Citation 'konno2008quantum' on page 19 undefined on input line 3
76.

[19 <./f5.PNG>]
<f6.PNG, id=383, 368.1253pt x 239.39438pt>
File: f6.PNG Graphic file (type png)
<use f6.PNG>
Package pdftex.def Info: f6.PNG  used on input line 443.
(pdftex.def)             Requested size: 294.50064pt x 191.51575pt.

Underfull \vbox (badness 5726) has occurred while \output is active []

 [20]

LaTeX Warning: Citation 'watanabe' on page 21 undefined on input line 451.


LaTeX Warning: Citation 'konno2008quantum' on page 21 undefined on input line 4
52.


LaTeX Warning: Citation 'konno2008quantum' on page 21 undefined on input line 4
53.

[21 <./f6.PNG>]
Overfull \hbox (20.4143pt too wide) detected at line 481
[]
 []


LaTeX Warning: Citation 'konno2008quantum' on page 22 undefined on input line 4
93.

[22]
Overfull \hbox (9.21904pt too wide) detected at line 535
[] \OML/ztmcm/m/it/12 P\OT1/ztmcm/m/n/12 (\OML/ztmcm/m/it/12 X[] \OT1/ztmcm/m/n
/12 = \OML/ztmcm/m/it/12 x\OT1/ztmcm/m/n/12 ) = [] \OMS/ztmcm/m/n/12 k \OML/ztm
cm/m/it/12 '\OT1/ztmcm/m/n/12 (\OML/ztmcm/m/it/12 n; k\OT1/ztmcm/m/n/12 ) \OMS/
ztmcm/m/n/12 k[]\OT1/ztmcm/m/n/12 =\OMS/ztmcm/m/n/12 k \OT1/ztmcm/m/n/12 H[]H[]
 [] H[]H[]\OML/ztmcm/m/it/12 ' \OMS/ztmcm/m/n/12 k[]\OT1/ztmcm/m/n/12 =\OMS/ztm
cm/m/n/12 k \OML/ztmcm/m/it/12 ' \OMS/ztmcm/m/n/12 k[]\OT1/ztmcm/m/n/12 = \OMS/
ztmcm/m/n/12 j\OML/ztmcm/m/it/12 \OMS/ztmcm/m/n/12 j[] \OT1/ztmcm/m/n/12 + \OM
S/ztmcm/m/n/12 j\OML/ztmcm/m/it/12 \OMS/ztmcm/m/n/12 j[] \OT1/ztmcm/m/n/12 = 1
\OML/ztmcm/m/it/12 :
 []

) (Bab_3/Bab3.tex [23] [24

]
BAB 3.

LaTeX Warning: Citation 'watanabe' on page 25 undefined on input line 9.


LaTeX Warning: Citation 'konno2008quantum' on page 25 undefined on input line 1
1.

[25]

LaTeX Warning: Citation 'konno2008quantum' on page 26 undefined on input line 1
3.


LaTeX Warning: Citation 'watanabe' on page 26 undefined on input line 13.


LaTeX Warning: Citation 'watanabe' on page 26 undefined on input line 13.

[26]
Overfull \hbox (1.73672pt too wide) in paragraph at lines 35--35
\OT1/ppl/m/n/12 Mengkonstruksi 
 []


Overfull \hbox (26.14342pt too wide) in paragraph at lines 27--41
 [][] 
 []

) (Daftar_Pustaka/Daftar_Pustaka.tex [27] [28

]
LaTeX Font Info:    Try loading font information for OT1+pcr on input line 8.

("C:\Program Files\MiKTeX 2.9\tex/latex/psnfss\ot1pcr.fd"
File: ot1pcr.fd 2001/06/04 font definitions for OT1/pcr.
)
Overfull \hbox (45.12808pt too wide) in paragraph at lines 6--9
\OT1/pcr/m/n/12 http://www-rocq.inria.fr/metalau/cohen/SED/book-online.html 
 []

[29] [30] [31] [32])
Package atveryend Info: Empty hook `BeforeClearDocument' on input line 93.
 [33]
Package atveryend Info: Empty hook `AfterLastShipout' on input line 93.
 (Proposal-Tesis.aux (Abstrak_Ind/AbstrakInd.aux)
(Abstract_Eng/AbstrakEnglish.aux))
Package atveryend Info: Executing hook `AtVeryEndDocument' on input line 93.
Package atveryend Info: Executing hook `AtEndAfterFileList' on input line 93.
Package rerunfilecheck Info: File `Proposal-Tesis.out' has not changed.
(rerunfilecheck)             Checksum: 8BA04383451BCB60FA11C7D6B78BACD1;1843.
Package atveryend Info: Empty hook `AtVeryVeryEnd' on input line 93.
 ) 
Here is how much of TeX's memory you used:
 9878 strings out of 492942
 142580 string characters out of 3135475
 300888 words of memory out of 3000000
 13341 multiletter control sequences out of 15000+200000
 42005 words of font info for 99 fonts, out of 3000000 for 9000
 1141 hyphenation exceptions out of 8191
 42i,15n,42p,2041b,450s stack positions out of 5000i,500n,10000p,200000b,50000s
{C:/Program Files/MiKTeX 2.9/fonts/enc/dvips/base/8r.enc}<C:/Program Files/Mi
KTeX 2.9/fonts/type1/public/amsfonts/cm/cmbx12.pfb><C:/Program Files/MiKTeX 2.9
/fonts/type1/public/amsfonts/cm/cmex10.pfb><C:/Program Files/MiKTeX 2.9/fonts/t
ype1/public/amsfonts/cm/cmmi10.pfb><C:/Program Files/MiKTeX 2.9/fonts/type1/pub
lic/amsfonts/cm/cmr10.pfb><C:/Program Files/MiKTeX 2.9/fonts/type1/public/amsfo
nts/cm/cmsy10.pfb><C:/Program Files/MiKTeX 2.9/fonts/type1/public/amsfonts/symb
ols/msbm10.pfb><C:/Program Files/MiKTeX 2.9/fonts/type1/urw/courier/ucrr8a.pfb>
<C:/Program Files/MiKTeX 2.9/fonts/type1/urw/helvetic/uhvb8a.pfb><C:/Program Fi
les/MiKTeX 2.9/fonts/type1/urw/helvetic/uhvr8a.pfb><C:/Program Files/MiKTeX 2.9
/fonts/type1/urw/palatino/uplb8a.pfb><C:/Program Files/MiKTeX 2.9/fonts/type1/u
rw/palatino/uplbi8a.pfb><C:/Program Files/MiKTeX 2.9/fonts/type1/urw/palatino/u
plr8a.pfb><C:/Program Files/MiKTeX 2.9/fonts/type1/urw/palatino/uplri8a.pfb><C:
/Program Files/MiKTeX 2.9/fonts/type1/urw/symbol/usyr.pfb><C:/Program Files/MiK
TeX 2.9/fonts/type1/urw/symbol/usyr.pfb><C:/Program Files/MiKTeX 2.9/fonts/type
1/urw/times/utmr8a.pfb><C:/Program Files/MiKTeX 2.9/fonts/type1/urw/times/utmri
8a.pfb>
Output written on Proposal-Tesis.pdf (49 pages, 597340 bytes).
PDF statistics:
 598 PDF objects out of 1000 (max. 8388607)
 159 named destinations out of 1000 (max. 500000)
 252 words of extra memory for PDF output out of 10000 (max. 10000000)

